     0.000   0.00000   0.00000   0.00000   0.00000   0.00000   0.00000
     0.000 -434234.84533 342206.48612   0.19894   0.03906   0.00000 227840.00000
     0.000 146044.71381 469374.02859 -2607.43543 -790.00015 8609.99985  50.00000
     0.000   0.00000   0.00000   0.00000   0.00000   0.00000   0.00000
     0.000   0.00000   0.00000   0.00000   0.00000   0.00000   0.00000
     0.000   0.00000   0.00000   0.00000   0.00000   0.00000   0.00000
     0.000   0.00000   0.00000   0.00000   0.00000   0.00000   0.00000
     0.000   0.00000   0.00000   0.00000   0.00000   0.00000   0.00000
     0.000   0.00000   0.00000   0.00000   0.00000   0.00000   0.00000
     0.000   0.00000   0.00000   0.00000   0.00000   0.00000   0.00000
     0.000   0.00000   0.00000   0.00000   0.00000   0.00000   0.00000
     0.000   0.00000   0.00000   0.00000   0.00000   0.00000   0.00000
     0.000   0.00000   0.00000   0.00000   0.00000   0.00000   0.00000
531812.400  -0.50171   0.05720  -0.05409  -0.09140  -0.18036   9.84879
531812.410  -0.00497   0.48990  -0.01119  -0.29755  -0.37949  10.02640
531812.420   0.61424   0.10320  -0.00684  -0.34592  -0.23972   9.77036
531812.430   0.18091  -0.45322   0.08890  -0.19867  -0.00687   9.58221
531812.440  -0.58751  -0.50606   0.07896  -0.15945  -0.10056   9.75708
531812.450  -0.28909  -0.26733   0.08082  -0.23392  -0.38071  10.06027
531812.460   0.59807  -0.38670   0.07958  -0.19043  -0.32837   9.88739
531812.470   0.64719  -0.53093   0.07025  -0.12939  -0.08179   9.68750
531812.480   0.03233  -0.22506   0.08704  -0.19165  -0.07324   9.72397
531812.490  -0.01989  -0.14237   0.08455  -0.32043  -0.30060   9.96506
531812.500   0.51041  -0.67143   0.15045  -0.27985  -0.31113   9.86893
531812.510   0.61362  -0.95306   0.12247  -0.11780  -0.13367   9.71146
531812.520   0.09512  -0.58253   0.12123  -0.11719  -0.08194   9.73511
531812.530  -0.15542  -0.28474   0.11812  -0.26505  -0.21698   9.90387
531812.540   0.06590  -0.77775   0.17843  -0.29343  -0.28610   9.84238
531812.550   0.17408  -1.30122   0.12994  -0.14069  -0.16449   9.71588
531812.560  -0.24371  -1.02083   0.17035  -0.05676  -0.08163   9.76242
531812.570  -0.47311  -0.29096   0.06901  -0.17761  -0.22049   9.95224
531812.580  -0.12620  -0.07087   0.24681  -0.29617  -0.31967   9.97910
531812.590   0.20578  -0.58005   0.10942  -0.22934  -0.18311   9.69391
531812.600  -0.22630  -0.71993   0.15978  -0.08408  -0.04349   9.71283
531812.610  -0.67579  -0.25179  -0.03544  -0.07385  -0.14069   9.90753
531812.620  -0.47933   0.22008  -0.05098  -0.10193  -0.29922  10.01434
531812.630   0.07896   0.43830  -0.16972  -0.07324  -0.28275   9.81659
531812.640   0.17221   0.75972  -0.12558  -0.15808  -0.17014   9.71664
531812.650  -0.18278   0.81318  -0.14486  -0.33234  -0.16388   9.78699
531812.660  -0.18527   0.34815  -0.03482  -0.36072  -0.27176   9.91531
531812.670   0.28598  -0.19335  -0.07087  -0.15472  -0.26642   9.76471
531812.680   0.25427   0.12310  -0.03792   0.01587  -0.11612   9.75433
531812.690   0.00746   0.95617  -0.17159  -0.12817  -0.14282   9.85977
531812.700   0.13367   0.96736  -0.07709  -0.34760  -0.27832   9.92905
531812.710   0.36432   0.06217  -0.05782  -0.31738  -0.21591   9.76761
531812.720   0.19148  -0.46565   0.00995  -0.13580  -0.09171   9.71375
531812.730  -0.15480   0.13740  -0.06777  -0.07874  -0.14725   9.80453
531812.740  -0.07087   0.53901  -0.01119  -0.26276  -0.29938   9.98459
531812.750   0.28847   0.21324   0.01741  -0.29861  -0.23178   9.80194
531812.760   0.05284  -0.31023   0.09077  -0.19333  -0.06638   9.65408
531812.770  -0.54150  -0.34691   0.07585  -0.15335  -0.10284   9.74472
531812.780  -0.56575  -0.15480   0.09450  -0.22888  -0.26749   9.98138
531812.790  -0.08579  -0.36369   0.11812  -0.20615  -0.28641   9.89883
531812.800  -0.00746  -0.46441   0.06341  -0.10086  -0.12665   9.72595
531812.810  -0.47809  -0.10942   0.08082  -0.12100  -0.09598   9.74716
531812.820  -0.59621   0.11377   0.05657  -0.30548  -0.25894   9.91440
531812.830  -0.22070  -0.31334   0.09885  -0.26550  -0.30441   9.89517
531812.840  -0.03606  -0.52036   0.05160  -0.08621  -0.16327   9.74197
531812.850  -0.44700   0.01927   0.00808  -0.05524  -0.07828   9.75906
531812.860  -0.58378   0.65341  -0.05098  -0.24826  -0.24429   9.90234
531812.870  -0.25738   0.27541   0.05284  -0.32730  -0.30792   9.90097
531812.880  -0.00124  -0.38483  -0.01741  -0.19348  -0.18295   9.73862
531812.890  -0.35686  -0.24060   0.01616  -0.06836  -0.08392   9.74411
531812.900  -0.58688   0.46503  -0.09139  -0.15884  -0.25314   9.94843
531812.910  -0.14175   0.72241   0.00497  -0.31189  -0.34821   9.98444
531812.920   0.27790   0.25614  -0.04476  -0.25757  -0.22568   9.71558
531812.930  -0.08455   0.02114   0.02549  -0.14099  -0.07141   9.64661
531812.940  -0.56512   0.30836  -0.06963  -0.15701  -0.17334   9.88678
531812.950  -0.23376   0.57196  -0.01119  -0.21103  -0.35934  10.03830
531812.960   0.40908   0.37799  -0.09201  -0.17029  -0.25711   9.81323
531812.970   0.30898   0.38359  -0.05968  -0.13794  -0.10406   9.71024
531812.980  -0.20640   0.68511  -0.08144  -0.25543  -0.13351   9.78119
531812.990  -0.25241   0.52285   0.02673  -0.34714  -0.28534   9.91608
531813.000   0.13864  -0.15480  -0.02362  -0.24200  -0.27328   9.79965
531813.010   0.22132  -0.12620   0.03792  -0.07858  -0.16266   9.73602
531813.020  -0.11004   0.48057  -0.07150  -0.11215  -0.12161   9.79721
531813.030  -0.17718   0.83805  -0.06341  -0.28473  -0.22858   9.99237
531813.040   0.01554   0.19770   0.04476  -0.29510  -0.25970   9.76578
531813.050   0.12123  -0.55269  -0.01368  -0.13565  -0.17075   9.68735
531813.060  -0.04911   0.03357  -0.00311  -0.13077  -0.14572   9.85458
531813.070  -0.08642   0.43954  -0.03357  -0.24551  -0.26657   9.95590
531813.080   0.33323   0.20516  -0.00187  -0.32669  -0.28183   9.87122
531813.090   0.35188  -0.26298   0.05284  -0.20370  -0.13199   9.67911
531813.100  -0.25241  -0.32701   0.06030  -0.11795  -0.07385   9.70047
531813.110  -0.41965   0.04414  -0.00995  -0.18097  -0.26169   9.97055
531813.120   0.13677  -0.06030   0.04725  -0.20157  -0.36911   9.94186
531813.130   0.40783  -0.27355  -0.01554  -0.14969  -0.15839   9.73145
531813.140  -0.12247  -0.08704   0.04352  -0.16907  -0.07416   9.71725
531813.150  -0.44949   0.13740   0.01492  -0.31052  -0.25436   9.87488
531813.160  -0.04165  -0.17532   0.10693  -0.33356  -0.35873   9.95987
531813.170   0.34877  -0.67703   0.06155  -0.15198  -0.21133   9.74670
531813.179  -0.07771  -0.41219   0.07833  -0.02838  -0.06790   9.69437
531813.189  -0.36867   0.29469  -0.00062  -0.17319  -0.20264   9.84650
531813.199  -0.11501   0.14113   0.07150  -0.33447  -0.32593   9.96170
531813.209   0.26049  -0.53466   0.03668  -0.22858  -0.23605   9.76318
531813.219  -0.00870  -0.69071   0.09636  -0.05157  -0.09796   9.70871
531813.229  -0.32266  -0.01181  -0.02922  -0.12650  -0.18982   9.86237
531813.239  -0.07647   0.47436   0.04787  -0.33234  -0.34164  10.02945
531813.249   0.40535  -0.03979   0.04414  -0.32974  -0.24948   9.74670
531813.259   0.12620  -0.52409   0.10693  -0.19119  -0.07233   9.61807
531813.269  -0.46814  -0.38608   0.05533  -0.09003  -0.12573   9.81323
531813.279  -0.41281   0.15605   0.01306  -0.17273  -0.31509  10.03937
531813.289   0.20392   0.08766  -0.02922  -0.16724  -0.32471   9.85809
531813.299   0.22879   0.01306  -0.01741  -0.13519  -0.11383   9.72427
531813.309  -0.33323   0.29282  -0.02860  -0.22629  -0.11383   9.76379
531813.319  -0.48679   0.40659   0.00000  -0.36270  -0.28885   9.92798
531813.329  -0.00808  -0.09761   0.02798  -0.24872  -0.30197   9.87152
531813.339   0.13242  -0.18900  -0.01057  -0.04700  -0.12207   9.77188
531813.349  -0.25490   0.47436  -0.07523  -0.01892  -0.10681   9.76715
531813.359  -0.25490   1.21231  -0.14113  -0.23926  -0.26413   9.93088
531813.369   0.13802   0.78396  -0.08206  -0.35492  -0.30930   9.92172
531813.379   0.35686  -0.08144  -0.08642  -0.24673  -0.17258   9.70276
531813.389  -0.00622  -0.09201  -0.00995  -0.08987  -0.09018   9.74991
531813.399  -0.18837   0.66460  -0.12247  -0.17456  -0.23438   9.97620
531813.409   0.28039   0.84924  -0.05782  -0.28442  -0.34760   9.96796
531813.419   0.72614   0.25303  -0.06963  -0.27481  -0.21072   9.70520
531813.429   0.31644  -0.11191  -0.03606  -0.15030  -0.05020   9.65561
531813.439  -0.14610   0.17159  -0.08890  -0.18814  -0.16769   9.83353
531813.449   0.13553   0.21822   0.01865  -0.25208  -0.31631   9.96490
531813.459   0.56202  -0.19521  -0.05844  -0.21973  -0.25436   9.77997
531813.469   0.48990  -0.23873   0.07585  -0.16144  -0.11734   9.72961
531813.479   0.11501   0.05595   0.01803  -0.25040  -0.15823   9.77951
531813.489  -0.03668  -0.07150   0.12434  -0.32150  -0.24780   9.90433
531813.499   0.16662  -0.73671   0.12123  -0.22324  -0.24796   9.80515
531813.509   0.16413  -0.78458   0.13926  -0.06821  -0.14343   9.69635
531813.519  -0.15791  -0.18464   0.08144  -0.10895  -0.14893   9.78699
531813.529  -0.22506   0.18464   0.10880  -0.30029  -0.25543   9.99222
531813.539   0.08206  -0.45011   0.11439  -0.29572  -0.28259   9.84650
531813.549   0.21262  -0.98726   0.11377  -0.13580  -0.17258   9.70718
531813.559  -0.14050  -0.53342   0.08269  -0.04562  -0.11429   9.81873
531813.569  -0.27230   0.31271   0.01741  -0.19608  -0.23590   9.99588
531813.579   0.09636   0.17967   0.05284  -0.31616  -0.30121   9.87183
531813.589   0.20578  -0.50171   0.05968  -0.28900  -0.15640   9.68414
531813.599  -0.31085  -0.65030   0.11377  -0.16632  -0.05951   9.72702
531813.609  -0.54274  -0.26049   0.02735  -0.16968  -0.21454   9.90021
531813.619  -0.23189  -0.09263   0.03668  -0.18600  -0.32959   9.97421
531813.629   0.16226  -0.16972  -0.05968  -0.12482  -0.23026   9.79034
531813.639  -0.04601   0.04103  -0.02425  -0.16312  -0.12909   9.71970
531813.649  -0.36805   0.35313  -0.09201  -0.29236  -0.18921   9.84360
531813.659  -0.31520   0.06963   0.04725  -0.34302  -0.31006   9.93088
531813.669   0.02362  -0.56139   0.01119  -0.19897  -0.24551   9.75571
531813.679  -0.04414  -0.39727   0.06652  -0.06470  -0.12436   9.73969
531813.689  -0.30215   0.33137  -0.04165  -0.16235  -0.17120   9.83246
531813.699  -0.24371   0.33385   0.05284  -0.28992  -0.27969   9.96216
531813.709   0.05036  -0.37737  -0.01119  -0.22964  -0.24628   9.76898
531813.719   0.01119  -0.53031   0.03917  -0.06180  -0.16006   9.73251
531813.729  -0.30277   0.07523  -0.07585  -0.09354  -0.14786   9.86130
531813.739  -0.19210   0.66770  -0.00808  -0.26093  -0.30441   9.99649
531813.749   0.18091   0.19770  -0.00684  -0.29877  -0.26688   9.77875
531813.759   0.15542  -0.41529   0.07647  -0.21576  -0.09216   9.64706
531813.769  -0.38297  -0.37924   0.03855  -0.12177  -0.08026   9.77310
531813.779  -0.42897  -0.02052   0.04601  -0.17746  -0.27054  10.00504
531813.789   0.07958  -0.07958   0.03482  -0.14938  -0.31967   9.90448
531813.799   0.26671  -0.10382  -0.00622  -0.12924  -0.14694   9.73083
531813.809  -0.18527   0.14548   0.02300  -0.17487  -0.10147   9.74869
531813.819  -0.31644   0.33137  -0.00746  -0.30960  -0.24323   9.92249
531813.829  -0.04228  -0.19770   0.07523  -0.27115  -0.29770   9.85931
531813.839   0.18029  -0.58626   0.01803  -0.10986  -0.15198   9.74625
531813.849  -0.21697  -0.10445   0.03792  -0.06638  -0.11200   9.74075
531813.859  -0.31458   0.43208  -0.03357  -0.24323  -0.26855   9.92477
531813.869  -0.01803   0.10693   0.05036  -0.29358  -0.31799   9.93332
531813.879   0.24557  -0.46876  -0.01181  -0.16998  -0.19836   9.72916
531813.889  -0.10072  -0.30028   0.01119  -0.03845  -0.12009   9.71603
531813.899  -0.26795   0.42586  -0.12994  -0.18158  -0.24841   9.94781
531813.909   0.08890   0.57258   0.00187  -0.33752  -0.33188   9.94461
531813.919   0.40100  -0.07958  -0.00622  -0.29205  -0.21500   9.70078
531813.929  -0.02052  -0.45322   0.08579  -0.15900  -0.07614   9.70154
531813.939  -0.38483  -0.07771  -0.03606  -0.14252  -0.19821   9.83231
531813.949  -0.07274   0.23189   0.02673  -0.19913  -0.34698  10.01999
531813.959   0.35810   0.02798  -0.04911  -0.17273  -0.25192   9.80270
531813.969   0.16164   0.02300   0.01430  -0.16693  -0.11307   9.68979
531813.979  -0.26609   0.18962  -0.03233  -0.26459  -0.16418   9.78149
531813.989  -0.19521   0.11253   0.05347  -0.33554  -0.32532   9.97131
531814.001   0.25179  -0.33074   0.04787  -0.19623  -0.25848   9.80621
531814.011   0.19210  -0.33820   0.05036  -0.06012  -0.11398   9.70535
531814.021  -0.22443   0.24122  -0.04352  -0.14679  -0.13519   9.77570
531814.031  -0.18278   0.46503   0.00995  -0.34760  -0.29297   9.94751
531814.041   0.15853  -0.22879   0.07958  -0.30121  -0.26566   9.80255
531814.051   0.10009  -0.64346   0.06279  -0.10086  -0.13962   9.70474
531814.061  -0.31023  -0.16972   0.01057  -0.03677  -0.13855   9.80865
531814.071  -0.27293   0.56077  -0.04352  -0.24490  -0.30380   9.98428
531814.081   0.21573   0.28349   0.02611  -0.33661  -0.29892   9.82071
531814.091   0.18464  -0.32204   0.05657  -0.24597  -0.10422   9.63943
531814.101  -0.47560  -0.44949   0.08890  -0.15076  -0.06317   9.70856
531814.111  -0.58626  -0.12683   0.02984  -0.18738  -0.27390   9.94003
531814.121  -0.04974  -0.09885   0.07771  -0.19470  -0.33005   9.95636
531814.131   0.25179  -0.17345  -0.00497  -0.10788  -0.16556   9.75662
531814.141  -0.21573   0.00933   0.00870  -0.11902  -0.08820   9.68842
531814.151  -0.43332   0.30215  -0.03357  -0.27954  -0.24597   9.88571
531814.161  -0.11874  -0.00497   0.04725  -0.29694  -0.31723   9.94125
531814.171   0.25863  -0.48617   0.02798  -0.14450  -0.20447   9.76166
531814.180  -0.05595  -0.18402   0.02673  -0.06332  -0.09720   9.73145
531814.190  -0.33447   0.41281  -0.04911  -0.19409  -0.21210   9.88251
531814.200  -0.14361   0.29096   0.05160  -0.31219  -0.31357   9.94003
531814.210   0.23500  -0.38172   0.01430  -0.19974  -0.23422   9.76364
531814.220  -0.03046  -0.44203   0.05844  -0.06287  -0.11581   9.73679
531814.230  -0.31334   0.24246  -0.07833  -0.13016  -0.21881   9.90738
531814.240   0.02176   0.56699   0.03482  -0.31143  -0.34668   9.96597
531814.250   0.41094   0.01430   0.00995  -0.27527  -0.23041   9.74640
531814.260   0.16848  -0.37551   0.06590  -0.13565  -0.10101   9.68399
531814.270  -0.15232  -0.07025  -0.05347  -0.09277  -0.17715   9.79111
531814.280   0.17594   0.41281  -0.08890  -0.16785  -0.35324  10.02563
531814.290   0.84178   0.44389  -0.17718  -0.13153  -0.29907   9.87411
531814.300   0.92136   0.56885  -0.20205  -0.11078  -0.13977   9.71451
531814.310   0.46068   0.81940  -0.20330  -0.25055  -0.13229   9.76700
531814.320   0.38856   0.77712  -0.12558  -0.36484  -0.27023   9.91837
531814.330   0.71433   0.06217  -0.06155  -0.28992  -0.26505   9.81613
531814.340   0.76158  -0.24184  -0.06466  -0.09705  -0.13321   9.72977
531814.350   0.34877   0.37799  -0.10445  -0.09171  -0.10803   9.76212
531814.360   0.24184   0.84427  -0.12620  -0.28458  -0.24811   9.90616
531814.370   0.52907   0.31955  -0.03482  -0.31403  -0.26855   9.87549
531814.380   0.62481  -0.27541  -0.06093  -0.16998  -0.17395   9.71954
531814.390   0.23438  -0.05471   0.04849  -0.06821  -0.14969   9.76791
531814.400   0.26174   0.68449  -0.23065  -0.19165  -0.16281   9.94232
531814.410   0.34815   0.61051  -0.03668  -0.34851  -0.29221   9.86801
531814.420   0.63102  -0.05036  -0.08642  -0.27664  -0.17960   9.68353
531814.430   0.29717  -0.18278   0.01741  -0.14008  -0.08041   9.72946
531814.440  -0.00435   0.04911  -0.11439  -0.15533  -0.19058   9.88480
531814.450   0.24122   0.23998  -0.05036  -0.18311  -0.31021   9.96796
531814.460   0.68263   0.10009  -0.13553  -0.13184  -0.23941   9.78622
531814.470   0.49985   0.32577  -0.08579  -0.13565  -0.09109   9.70428
531814.480   0.13926   0.60740  -0.14672  -0.26871  -0.15335   9.79980
531814.490   0.09574   0.31209  -0.02798  -0.36179  -0.27130   9.92569
531814.500   0.46441  -0.31893  -0.03855  -0.23651  -0.23865   9.78516
531814.510   0.35996  -0.23003   0.00808  -0.08682  -0.11353   9.77127
531814.520   0.11501   0.48866  -0.12434  -0.12360  -0.16357   9.81659
531814.530   0.12434   0.66522  -0.05906  -0.27222  -0.26093   9.92126
531814.540   0.35126  -0.00933  -0.15915  -0.24963  -0.21500   9.76761
531814.550   0.19521  -0.13056   0.00249  -0.14297  -0.15533   9.75662
531814.560  -0.01865   0.28971  -0.18154  -0.15900  -0.17609   9.82407
531814.570   0.06403   0.64657  -0.03917  -0.31708  -0.29678   9.95972
531814.580   0.40908   0.18527  -0.01679  -0.35538  -0.26031   9.81079
531814.590   0.37364  -0.23003   0.16786  -0.26443  -0.16312   9.71207
531814.600   0.21946  -0.34629  -0.01492  -0.13748  -0.05081   9.71954
531814.610  -0.43270  -0.23873   0.07087  -0.12222  -0.17502   9.91196
531814.620   0.03606   0.14486  -0.03295  -0.18814  -0.31876  10.02289
531814.630   0.58502  -0.01989   0.00373  -0.18112  -0.24033   9.70901
531814.640   0.25241   0.09077  -0.08455  -0.21118  -0.06866   9.75571
531814.650  -0.07398   0.43022  -0.00435  -0.33554  -0.18845   9.85428
531814.660   0.07087  -0.18402  -0.01679  -0.29114  -0.29373   9.88144
531814.670   0.43208  -0.34504  -0.00933  -0.09567  -0.19989   9.78424
531814.680   0.19584   0.20143  -0.05720  -0.05875  -0.09552   9.75830
531814.690  -0.02052   0.71682  -0.08704  -0.21317  -0.16373   9.83749
531814.700   0.04103   0.44078  -0.07709  -0.33463  -0.25391   9.92615
531814.710   0.22816  -0.36867  -0.02114  -0.25223  -0.20126   9.74792
531814.720  -0.01057  -0.38110  -0.03917  -0.08362  -0.08804   9.71588
531814.730  -0.27728   0.38670  -0.10258  -0.14877  -0.17822   9.88785
531814.740  -0.06403   0.61673  -0.03357  -0.30411  -0.29343   9.95667
531814.750   0.33447   0.08393  -0.03171  -0.31174  -0.20828   9.74731
531814.760   0.07771  -0.26360   0.04290  -0.20477  -0.09094   9.67819
531814.770  -0.37986  -0.03606  -0.05222  -0.12543  -0.13062   9.81354
531814.780  -0.30401   0.28412   0.00684  -0.17029  -0.29343   9.99619
531814.790   0.22257   0.18029  -0.08455  -0.17395  -0.27603   9.83200
531814.800   0.28225   0.19646  -0.03792  -0.16830  -0.11475   9.71130
531814.810  -0.22754   0.41716  -0.11253  -0.27054  -0.11292   9.76273
531814.820  -0.35002   0.34566   0.00187  -0.35843  -0.26932   9.94476
531814.830   0.13802  -0.27541   0.00560  -0.23575  -0.29312   9.84680
531814.840   0.26795  -0.25117   0.00187  -0.08255  -0.13443   9.74564
531814.850  -0.15045   0.29593  -0.08952  -0.10666  -0.09811   9.77432
531814.860  -0.30152   0.60678  -0.05347  -0.31891  -0.24048   9.90509
531814.870  -0.03792   0.03046  -0.02798  -0.30807  -0.26703   9.85184
531814.880   0.01119  -0.49239   0.02362  -0.14801  -0.13184   9.75204
531814.890  -0.38794  -0.06155  -0.05222  -0.07187  -0.10773   9.76151
531814.900  -0.46192   0.60118  -0.07025  -0.24994  -0.26230   9.94476
531814.910  -0.07709   0.40410   0.02549  -0.36316  -0.29251   9.91104
531814.920   0.14050  -0.19521   0.03979  -0.25711  -0.17059   9.68964
531814.930  -0.31271  -0.34691   0.07150  -0.11459  -0.07462   9.69376
531814.940  -0.59186   0.14050  -0.03295  -0.15305  -0.17792   9.92706
531814.950  -0.29282   0.23252   0.02176  -0.21484  -0.31158   9.96490
531814.960   0.16475   0.11812  -0.02362  -0.16525  -0.22232   9.75845
531814.970  -0.10382   0.24992   0.01119  -0.18524  -0.09766   9.70123
531814.980  -0.44203   0.49114  -0.04725  -0.32639  -0.16647   9.84879
531814.990  -0.32080   0.24308   0.08642  -0.33539  -0.28641   9.88144
531815.000   0.07771  -0.34131   0.04352  -0.18906  -0.22247   9.77539
531815.010  -0.06963  -0.13118   0.06155  -0.04669  -0.09933   9.75433
531815.020  -0.33074   0.58875  -0.09512  -0.16922  -0.16830   9.83261
531815.030  -0.22568   0.55020   0.04165  -0.33218  -0.26215   9.92813
531815.040   0.11253  -0.11377  -0.03108  -0.24933  -0.21973   9.80148
531815.050   0.04165  -0.32950   0.04103  -0.10452  -0.12573   9.70505
531815.060  -0.27976   0.26360  -0.08952  -0.15152  -0.14938   9.84116
531815.070  -0.20454   0.71931  -0.04911  -0.32608  -0.29892  10.00412
531815.080   0.30650   0.32764  -0.00560  -0.31479  -0.28366   9.81018
531815.090   0.30215  -0.17283   0.04041  -0.19012  -0.11749   9.67407
531815.100  -0.18464  -0.00249  -0.03482  -0.13229  -0.09384   9.77646
531815.110  -0.24495   0.32328  -0.05595  -0.20218  -0.27298   9.96918
531815.120   0.20267   0.12745  -0.02673  -0.24109  -0.29953   9.87778
531815.130   0.38545  -0.05160   0.00249  -0.21255  -0.14099   9.74457
531815.140  -0.09512   0.10445  -0.02860  -0.22415  -0.11932   9.75342
531815.150  -0.22941   0.21697   0.01927  -0.33691  -0.24780   9.88602
531815.160   0.13367  -0.24557   0.06279  -0.26276  -0.29556   9.88083
531815.170   0.36059  -0.46938   0.03482  -0.09628  -0.15106   9.74930
531815.179   0.04476   0.00062   0.00497  -0.10056  -0.10681   9.75540
531815.189  -0.11439   0.47560  -0.02052  -0.30167  -0.20844   9.89639
531815.199   0.03730  -0.03233   0.08082  -0.35629  -0.25330   9.89487
531815.209   0.18402  -0.66024   0.06901  -0.18799  -0.16968   9.73526
531815.219  -0.15418  -0.52036   0.07833  -0.05157  -0.11551   9.74579
531815.229  -0.37240   0.28412  -0.04041  -0.18097  -0.22095   9.90005
531815.239  -0.09823   0.38981   0.02984  -0.33890  -0.30106   9.95773
531815.249   0.23935  -0.20081   0.04476  -0.27954  -0.18600   9.71085
531815.259  -0.08766  -0.40908   0.07647  -0.16708  -0.07248   9.70245
531815.269  -0.47933  -0.01989   0.00124  -0.16632  -0.18051   9.87122
531815.279  -0.27293   0.15107   0.00560  -0.22827  -0.31982   9.98398
531815.289   0.22754  -0.09636   0.00000  -0.19775  -0.25742   9.81339
531815.299   0.10009  -0.03419   0.01057  -0.15625  -0.10788   9.72549
531815.309  -0.26298   0.26795  -0.06341  -0.27420  -0.16052   9.80759
531815.319  -0.26174   0.16475   0.03979  -0.34363  -0.28366   9.93362
531815.329   0.10320  -0.38110   0.01865  -0.19501  -0.25085   9.82025
531815.339   0.08517  -0.33385   0.04228  -0.07187  -0.11215   9.75281
531815.349  -0.23127   0.32888  -0.07212  -0.14542  -0.13611   9.79187
531815.359  -0.24495   0.44824  -0.00684  -0.35522  -0.26657   9.92096
531815.369   0.04974  -0.20889   0.01616  -0.29205  -0.24582   9.81644
531815.379   0.07709  -0.55704   0.03979  -0.10941  -0.14252   9.71100
531815.389  -0.30961  -0.01306  -0.05844  -0.08118  -0.13840   9.77875
531815.399  -0.36059   0.62170  -0.07398  -0.28107  -0.27527  10.00031
531815.409   0.14237   0.27914   0.00000  -0.34897  -0.28976   9.84924
531815.419   0.28349  -0.26422   0.02735  -0.24399  -0.15030   9.67239
531815.429  -0.18029  -0.27293   0.01430  -0.14038  -0.08865   9.72198
531815.439  -0.38608   0.16599  -0.02487  -0.20370  -0.24017   9.93774
531815.449  -0.00373   0.07087   0.01741  -0.21774  -0.31601   9.92355
531815.459   0.33758  -0.14423   0.00249  -0.16190  -0.18387   9.76135
531815.469  -0.05968   0.06714   0.01741  -0.18204  -0.08850   9.73175
531815.479  -0.28722   0.28039  -0.00497  -0.31036  -0.23773   9.85977
531815.489  -0.02114  -0.08206   0.06590  -0.29724  -0.29678   9.90189
531815.499   0.32328  -0.45135   0.01492  -0.13412  -0.20126   9.77188
531815.509   0.12745  -0.02922  -0.01430  -0.06470  -0.10681   9.75311
531815.519   0.07460   0.66460  -0.10818  -0.22797  -0.23544   9.88602
531815.529   0.32266   0.36059  -0.07150  -0.33905  -0.28091   9.95041
531815.539   0.69444  -0.21138  -0.09077  -0.18753  -0.22308   9.78439
531815.549   0.58067  -0.17905  -0.10569  -0.08820  -0.16159   9.72473
531815.559   0.39167   0.55145  -0.20454  -0.18661  -0.17334   9.84787
531815.569   0.55145   0.87908  -0.12869  -0.35110  -0.28915   9.97284
531815.579   0.91576   0.20019  -0.11812  -0.34393  -0.21683   9.75388
531815.589   0.69755  -0.24122  -0.02798  -0.18570  -0.06500   9.68948
531815.599   0.08579  -0.09885  -0.07709  -0.16037  -0.07858   9.79691
531815.609  -0.07150   0.05657  -0.06093  -0.22385  -0.25269   9.96948
531815.619   0.41965  -0.20392  -0.05782  -0.18936  -0.28671   9.83795
531815.629   0.50420  -0.20827  -0.02798  -0.18692  -0.12299   9.73389
531815.639   0.11004   0.08952  -0.03419  -0.27695  -0.12817   9.74976
531815.649  -0.01803   0.01368   0.04414  -0.38879  -0.25864   9.90265
531815.659   0.32080  -0.56823   0.07647  -0.26062  -0.25299   9.85748
531815.669   0.42897  -0.65776   0.06466  -0.08118  -0.13474   9.75967
531815.679   0.05533   0.03979  -0.01492  -0.07660  -0.10803   9.72183
531815.689  -0.11004   0.31209  -0.01741  -0.29984  -0.23056   9.89227
531815.699   0.24992  -0.26174   0.02052  -0.29373  -0.27374   9.90814
531815.709   0.41778  -0.53839  -0.00311  -0.13275  -0.16281   9.71436
531815.719   0.05471  -0.18837   0.00622  -0.10254  -0.11673   9.78149
531815.729  -0.12372   0.32515  -0.00124  -0.28839  -0.22629   9.95987
531815.739   0.28722  -0.02487   0.11191  -0.40314  -0.31860   9.85519
531815.749   0.52534  -0.70190   0.15729  -0.27481  -0.15060   9.69803
531815.759   0.00808  -0.85484   0.14796  -0.14664  -0.05310   9.72504
531815.769  -0.24122  -0.38048   0.08890  -0.12299  -0.20584   9.90891
531815.779   0.14921  -0.18029   0.07958  -0.16083  -0.33890  10.00244
531815.789   0.64781  -0.18589  -0.00497  -0.16159  -0.22568   9.80286
531815.799   0.31334   0.08766   0.05844  -0.21774  -0.06851   9.68842
531815.809  -0.21697  -0.05036   0.06590  -0.36667  -0.12985   9.79126
531815.819  -0.20640  -0.67703   0.15107  -0.35858  -0.29236   9.92249
531815.829   0.16910  -0.96736   0.13429  -0.15228  -0.21698   9.79721
531815.839   0.01306  -0.57694   0.11999  -0.04166  -0.08957   9.73129
531815.849  -0.25987   0.15915  -0.01306  -0.16586  -0.14038   9.84680
531815.859  -0.19459  -0.02238   0.07709  -0.32272  -0.28992   9.96002
531815.869   0.27790  -0.50544   0.06030  -0.25085  -0.22598   9.79324
531815.879   0.07771  -0.54772   0.05036  -0.10651  -0.09262   9.71741
531815.889  -0.26857   0.00746  -0.04787  -0.15884  -0.12863   9.85168
531815.899  -0.12620   0.30339   0.02487  -0.29434  -0.31677   9.99680
531815.909   0.46752  -0.04041   0.03606  -0.26794  -0.24414   9.78226
531815.919   0.20267  -0.29469   0.06093  -0.17639  -0.02365   9.65576
531815.929  -0.44389  -0.19459   0.03482  -0.15976  -0.08194   9.78897
531815.939  -0.35872  -0.12683   0.04352  -0.20950  -0.31326   9.96338
531815.949   0.32515  -0.21511   0.00249  -0.17700  -0.28854   9.88480
531815.959   0.35188  -0.03419  -0.00622  -0.14008  -0.10361   9.73907
531815.969  -0.10320   0.30339  -0.01119  -0.23804  -0.10635   9.74472
531815.979  -0.07771   0.15853   0.01741  -0.33478  -0.27084   9.95514
531815.989   0.38794  -0.15480   0.03606  -0.20584  -0.26718   9.88068
531816.001   0.48493  -0.14672   0.01181  -0.07324  -0.11566   9.71588
531816.011   0.01119   0.30588   0.00622  -0.16479  -0.08621   9.74243
531816.021  -0.11564   0.29282  -0.05222  -0.34195  -0.21164   9.93073
531816.031   0.19646  -0.25427   0.07212  -0.29739  -0.28519   9.85886
531816.041   0.36929  -0.40659   0.00249  -0.09537  -0.13336   9.74548
531816.051  -0.05968   0.10880  -0.02860  -0.06668  -0.11017   9.78226
531816.061  -0.11128   0.63538  -0.09823  -0.26108  -0.24902   9.97604
531816.071   0.31769   0.44638  -0.02425  -0.33768  -0.29404   9.84528
531816.081   0.43892  -0.08082  -0.01803  -0.21652  -0.11047   9.65027
531816.091  -0.18091  -0.03233   0.00870  -0.13229  -0.06378   9.73633
531816.101  -0.38048   0.21324  -0.11191  -0.18661  -0.21271   9.93591
531816.111   0.03792   0.17532  -0.02549  -0.21149  -0.30884   9.94888
531816.121   0.34193   0.12496  -0.07398  -0.16754  -0.14877   9.77081
531816.131  -0.16164   0.32080  -0.04352  -0.21179  -0.08469   9.69040
531816.141  -0.35126   0.35996  -0.04352  -0.34241  -0.20187   9.87732
531816.151  -0.11874  -0.10569   0.05284  -0.28503  -0.28687   9.91150
531816.161   0.17283  -0.33572   0.00373  -0.09949  -0.14908   9.75006
531816.171  -0.07398   0.16972  -0.00870  -0.08194  -0.09842   9.75494
531816.180  -0.19273   0.57383  -0.08082  -0.24384  -0.20035   9.88464
531816.190   0.03668   0.22692   0.05222  -0.33844  -0.26505   9.92813
531816.200   0.28225  -0.30712   0.01368  -0.18127  -0.15213   9.75021
531816.210  -0.08455  -0.18651   0.04352  -0.09659  -0.10651   9.72687
531816.220  -0.23749   0.33510  -0.06217  -0.22552  -0.22736   9.91867
531816.230   0.09201   0.38048   0.06839  -0.34409  -0.30533   9.95316
531816.240   0.39105  -0.09388   0.01119  -0.27267  -0.14923   9.71207
531816.250  -0.02798  -0.30774   0.07523  -0.13550  -0.06348   9.68292
531816.260  -0.34566   0.01181  -0.03357  -0.15564  -0.17715   9.85794
531816.270  -0.04538   0.15729   0.04476  -0.22964  -0.32928   9.99207
531816.280   0.42400  -0.08517   0.00560  -0.22537  -0.21408   9.80927
531816.290   0.14610  -0.11688   0.08144  -0.20721  -0.07401   9.70413
531816.300  -0.27044   0.03668   0.01430  -0.28519  -0.17456   9.77890
531816.310  -0.12310  -0.17345   0.12372  -0.31723  -0.29251   9.95346
531816.320   0.19584  -0.47622   0.09636  -0.18585  -0.20050   9.81812
531816.330   0.06030  -0.44762   0.11501  -0.11475  -0.07675   9.71481
531816.340  -0.36432  -0.03855   0.01989  -0.19943  -0.11826   9.79599
531816.350  -0.31520  -0.08890   0.14610  -0.35889  -0.29480   9.96490
531816.360   0.16351  -0.68263   0.12620  -0.22491  -0.26123   9.81003
531816.370   0.06279  -0.80883   0.11439  -0.06592  -0.09018   9.72382
531816.380  -0.39105  -0.17345   0.04165  -0.10010  -0.11612   9.81995
531816.390  -0.30090   0.22630   0.02673  -0.31754  -0.30563   9.97635
531816.400   0.25427  -0.17594   0.10009  -0.33615  -0.27084   9.81323
531816.410   0.19459  -0.57072   0.11253  -0.21301  -0.06500   9.66095
531816.420  -0.43830  -0.55145   0.09325  -0.12711  -0.07828   9.73114
531816.430  -0.50544  -0.23998   0.06590  -0.19257  -0.26062   9.98810
531816.440   0.12434  -0.25987   0.10445  -0.19455  -0.32516   9.92615
531816.450   0.32017  -0.27976   0.08206  -0.15854  -0.12527   9.72519
531816.460  -0.22195  -0.07336   0.06093  -0.20828  -0.07401   9.68704
531816.470  -0.42649  -0.12372   0.08393  -0.35309  -0.23575   9.90616
531816.480  -0.07833  -0.61610   0.17967  -0.30243  -0.29495   9.91013
531816.490   0.20640  -0.78583   0.15232  -0.09201  -0.14389   9.73495
531816.500  -0.19210  -0.30525   0.10445  -0.05447  -0.06058   9.75082
531816.510  -0.36369   0.23500   0.01803  -0.19470  -0.21439   9.92523
531816.520  -0.01181  -0.12683   0.09450  -0.27191  -0.28168   9.89288
531816.530   0.21262  -0.51104   0.04849  -0.13443  -0.15091   9.75220
531816.540  -0.24744  -0.26111   0.01927  -0.08835  -0.07584   9.74823
531816.550  -0.40597   0.26733  -0.05160  -0.22095  -0.24124   9.91837
531816.560   0.01865   0.25179   0.03482  -0.31570  -0.32166   9.93622
531816.570   0.31085  -0.18216   0.03730  -0.24612  -0.14603   9.70993
531816.580  -0.23625  -0.36432   0.08269  -0.16373  -0.04242   9.68338
531816.590  -0.58937  -0.17408  -0.01368  -0.17242  -0.18555   9.87564
531816.600  -0.23562  -0.17656   0.09263  -0.22644  -0.33630   9.99802
531816.610   0.29406  -0.22319   0.04414  -0.13336  -0.21118   9.81934
531816.620   0.00560  -0.02487   0.03419  -0.14679  -0.08896   9.71466
531816.630  -0.29966   0.15107  -0.01243  -0.26978  -0.19318   9.83444
531816.640  -0.17594  -0.08144   0.07647  -0.31235  -0.28000   9.92691
531816.650   0.13429  -0.43954   0.07150  -0.17090  -0.19348   9.76639
531816.660  -0.16226  -0.30028   0.08642  -0.08469  -0.08850   9.71588
531816.670  -0.43084   0.20703   0.00000  -0.19791  -0.16724   9.81735
531816.680  -0.27044   0.06217   0.08269  -0.29861  -0.28793   9.94751
531816.690   0.07958  -0.42151   0.02798  -0.17578  -0.21530   9.78668
531816.700  -0.07460  -0.31893   0.04165  -0.04074  -0.10712   9.74854
531816.710  -0.37924   0.31831  -0.07274  -0.12100  -0.19150   9.84406
531816.720  -0.18713   0.54585  -0.02362  -0.31570  -0.31586   9.96613
531816.730   0.25863   0.08206  -0.00560  -0.29648  -0.24460   9.79050
531816.740   0.13180  -0.26733   0.08082  -0.17197  -0.07874   9.66827
531816.750  -0.44265  -0.16786   0.00560  -0.13412  -0.11566   9.76227
531816.760  -0.41529  -0.00933   0.03171  -0.20691  -0.29633   9.97589
531816.770   0.17656   0.00870   0.01057  -0.18295  -0.27863   9.88602
531816.780   0.23314   0.03108  -0.00187  -0.14938  -0.11566   9.74258
531816.790  -0.22816   0.27666  -0.02611  -0.24918  -0.11963   9.75021
531816.800  -0.26298   0.09263   0.02922  -0.32959  -0.27451   9.92386
531816.810   0.14423  -0.29033   0.05036  -0.20401  -0.25452   9.86115
531816.820   0.21138  -0.23376   0.01616  -0.05463  -0.12451   9.72702
531816.830  -0.20392   0.32950  -0.03295  -0.12604  -0.11200   9.74487
531816.840  -0.23811   0.41405  -0.00933  -0.31769  -0.24414   9.92401
531816.850   0.06093  -0.26360   0.03730  -0.28564  -0.24368   9.86053
531816.860   0.14113  -0.53528   0.02052  -0.09369  -0.12695   9.72733
531816.870  -0.26049  -0.06652  -0.04911  -0.05783  -0.11581   9.78806
531816.880  -0.24744   0.48244  -0.08517  -0.25452  -0.26978   9.97818
531816.890   0.18527   0.34256   0.02984  -0.34378  -0.28885   9.87640
531816.900   0.29779  -0.25179   0.02487  -0.21927  -0.10986   9.65378
531816.910  -0.27541  -0.32017   0.04974  -0.11108  -0.06561   9.71649
531816.920  -0.50047   0.00062  -0.03792  -0.16815  -0.23849   9.94461
531816.930  -0.03855   0.05284   0.02922  -0.20905  -0.33340   9.94751
531816.940   0.33447  -0.07647  -0.02114  -0.15854  -0.17441   9.75494
531816.950  -0.12620   0.02984   0.01865  -0.16968  -0.06119   9.71161
531816.960  -0.46130   0.17781  -0.03855  -0.29984  -0.21851   9.84589
531816.970  -0.16786  -0.14796   0.09139  -0.28183  -0.31662   9.92432
531816.980   0.15418  -0.39789   0.02611  -0.10788  -0.20325   9.77203
531816.990  -0.19148  -0.12620   0.04725  -0.06363  -0.08850   9.73541
531817.000  -0.40908   0.43395  -0.04974  -0.21881  -0.20660   9.85687
531817.010  -0.18837   0.11750   0.06839  -0.31693  -0.30869   9.92706
531817.020   0.13926  -0.47684   0.01989  -0.17426  -0.20050   9.78348
531817.030  -0.15978  -0.38421   0.04165  -0.05264  -0.10223   9.74319
531817.040  -0.41405   0.21511  -0.07025  -0.14648  -0.20157   9.88037
531817.050  -0.12558   0.45571   0.01679  -0.29968  -0.32440   9.99359
531817.060   0.30525   0.01927   0.00870  -0.27344  -0.21622   9.76654
531817.070   0.06279  -0.35126   0.06714  -0.16510  -0.07660   9.65530
531817.080  -0.41094  -0.08642  -0.03357  -0.14328  -0.14053   9.80148
531817.090  -0.31520   0.08517   0.02176  -0.22842  -0.31250  10.00595
531817.100   0.27230  -0.03046  -0.01616  -0.17899  -0.27634   9.85229
531817.110   0.27728   0.02673   0.02735  -0.11795  -0.09628   9.71222
531817.120  -0.19832   0.23562  -0.04103  -0.21240  -0.11826   9.77051
531817.130  -0.23065   0.20951   0.02798  -0.32013  -0.28320   9.94873
531817.140   0.19397  -0.27790   0.04228  -0.22217  -0.25940   9.81720
531817.150   0.20143  -0.35437   0.04228  -0.06439  -0.08774   9.72366
531817.160  -0.28536   0.13802  -0.01989  -0.14801  -0.10101   9.76288
531817.170  -0.30090   0.21946   0.00187  -0.31265  -0.26611   9.90433
531817.180   0.07709  -0.39540   0.03419  -0.25452  -0.27298   9.86603
531817.190   0.12683  -0.50482   0.03482  -0.07980  -0.11932   9.76974
531817.200  -0.29282  -0.07523  -0.04103  -0.07416  -0.13168   9.73068
531817.210  -0.26236   0.46254  -0.04414  -0.25925  -0.27527   9.93851
531817.220   0.11999   0.23935   0.01927  -0.33447  -0.29800   9.88586
531817.230   0.25552  -0.29406   0.05471  -0.23605  -0.13138   9.66812
531817.240  -0.30028  -0.40970   0.07585  -0.09903  -0.07156   9.73755
531817.250  -0.41840   0.01554  -0.03108  -0.14328  -0.24582   9.98993
531817.260   0.13367   0.08455   0.01741  -0.18570  -0.34927   9.94980
531817.270   0.44762  -0.09450  -0.02176  -0.16449  -0.14740   9.75082
531817.280  -0.04787   0.04476   0.01741  -0.20218  -0.07507   9.68231
531817.290  -0.35872   0.08206   0.00746  -0.30914  -0.23468   9.86008
531817.300  -0.06217  -0.26547   0.10258  -0.27863  -0.33142   9.94537
531817.310   0.28163  -0.53528   0.04041  -0.10117  -0.18158   9.76410
531817.320  -0.02238  -0.13740   0.05782  -0.03250  -0.08514   9.75800
531817.330  -0.28971   0.54958  -0.08828  -0.18433  -0.19882   9.83673
531817.340  -0.10009   0.27293   0.02860  -0.29602  -0.30045   9.94095
531817.350   0.17843  -0.29779  -0.02549  -0.19135  -0.19897   9.77554
531817.360  -0.10693  -0.25117   0.02487  -0.06332  -0.11276   9.73068
531817.370  -0.38483   0.26111  -0.08642  -0.14023  -0.20569   9.88159
531817.380  -0.10569   0.48555   0.02860  -0.35553  -0.33585   9.99573
531817.390   0.37302  -0.05160   0.02176  -0.28412  -0.21515   9.70856
531817.400  -0.01679  -0.49798   0.09636  -0.12863  -0.04868   9.63028
531817.410  -0.55269  -0.19957  -0.02052  -0.09216  -0.13824   9.85886
531817.420  -0.28785   0.16164   0.01865  -0.16006  -0.36270  10.01770
531817.430   0.34193   0.05471  -0.02362  -0.15259  -0.28214   9.83078
531817.440   0.21013   0.03357   0.01243  -0.16815  -0.07217   9.71344
531817.450  -0.30650   0.23873  -0.01989  -0.27161  -0.13214   9.76624
531817.460  -0.19894   0.06528   0.04476  -0.31403  -0.31326   9.94659
531817.470   0.35437  -0.24557   0.02922  -0.17914  -0.28763   9.86359
531817.480   0.32950  -0.02300   0.00560   0.00397  -0.07339   9.74548
531817.490  -0.16662   0.70501  -0.08952  -0.06256  -0.10071   9.80331
531817.500  -0.13491   0.91638  -0.06714  -0.29602  -0.29449   9.94797
531817.510   0.25987   0.10693  -0.00870  -0.33707  -0.26352   9.81827
531817.520   0.17781  -0.47187  -0.00497  -0.16739  -0.10605   9.69879
531817.530  -0.33945  -0.09450  -0.05720  -0.09064  -0.14771   9.78851
531817.540  -0.17656   0.40100  -0.06590  -0.22385  -0.33295   9.99939
531817.550   0.45633   0.37426  -0.02673  -0.28915  -0.29236   9.86877
531817.560   0.53839  -0.04103  -0.04414  -0.19211  -0.10727   9.67087
531817.570   0.04290  -0.02549  -0.04849  -0.12192  -0.10361   9.75693
531817.580   0.11004   0.46006  -0.14486  -0.17044  -0.27710   9.97559
531817.590   0.66273   0.46690  -0.11564  -0.17715  -0.31143   9.94049
531817.600   0.89338   0.47063  -0.19708  -0.12238  -0.12863   9.76563
531817.610   0.50855   0.74728  -0.16972  -0.16479  -0.11459   9.72626
531817.620   0.33634   0.86478  -0.19957  -0.31219  -0.24506   9.86115
531817.630   0.56264   0.34753  -0.08331  -0.32181  -0.29984   9.91058
531817.640   0.80324  -0.09263  -0.10569  -0.13916  -0.16876   9.74350
531817.650   0.44078   0.26484  -0.09077  -0.06577  -0.08392   9.71802
531817.660   0.20392   0.72614  -0.15232  -0.22522  -0.19089   9.84634
531817.670   0.39975   0.40721  -0.04974  -0.33310  -0.27878   9.91333
531817.680   0.62916  -0.17283  -0.06030  -0.21011  -0.19394   9.76440
531817.690   0.31644  -0.14423  -0.03233  -0.08652  -0.10101   9.75540
531817.700   0.06839   0.50295  -0.12807  -0.16785  -0.20859   9.85687
531817.710   0.30836   0.63413  -0.04787  -0.30243  -0.30701   9.94888
531817.720   0.65403   0.18962  -0.08952  -0.26840  -0.19226   9.73572
531817.730   0.29904  -0.02362  -0.00560  -0.15305  -0.05585   9.66736
531817.740  -0.21262   0.11191  -0.09699  -0.16632  -0.13306   9.81293
531817.750  -0.09574   0.16599  -0.04476  -0.21973  -0.29922   9.99817
531817.760   0.37488   0.11750  -0.10631  -0.12695  -0.25070   9.84222
531817.770   0.28785   0.34815  -0.11253  -0.09857  -0.09705   9.72336
531817.780  -0.14299   0.76780  -0.15480  -0.23331  -0.12970   9.79263
531817.790  -0.11128   0.59621  -0.07460  -0.35461  -0.28183   9.92462
531817.800   0.21200  -0.01927  -0.08269  -0.24475  -0.21194   9.79279
531817.810   0.11564   0.00311  -0.05409  -0.07385  -0.09399   9.70718
531817.820  -0.35250   0.52285  -0.13367  -0.14542  -0.12329   9.79355
531817.830  -0.27852   0.61921  -0.10631  -0.29510  -0.27206   9.94827
531817.840   0.14299   0.18651  -0.09325  -0.23834  -0.25040   9.85550
531817.850   0.19024   0.12807  -0.09325  -0.12726  -0.09598   9.74350
531817.860  -0.27044   0.65154  -0.12683  -0.13794  -0.13870   9.77478
531817.870  -0.17532   0.97358  -0.10880  -0.29877  -0.29205   9.97833
531817.880   0.28660   0.59497  -0.04725  -0.33508  -0.24872   9.87930
531817.890   0.26236   0.04725  -0.04228  -0.21332  -0.07782   9.66034
531817.900  -0.33323   0.18278  -0.02922  -0.15411  -0.07690   9.71725
531817.910  -0.43146   0.32515  -0.07087  -0.21622  -0.24918   9.94141
531817.920   0.10258   0.24619  -0.05222  -0.20203  -0.29526   9.92218
531817.930   0.32266   0.20578  -0.09574  -0.18890  -0.16159   9.75906
531817.940  -0.07212   0.51104  -0.04787  -0.22598  -0.10620   9.72931
531817.950  -0.19584   0.56202  -0.05284  -0.33752  -0.22461   9.88541
531817.960   0.08082   0.04414  -0.00062  -0.27206  -0.27664   9.89685
531817.970   0.26174  -0.11315  -0.03482  -0.11902  -0.13397   9.73007
531817.980  -0.10445   0.34566  -0.05720  -0.13779  -0.11383   9.72504
531817.990  -0.19335   0.60305  -0.06341  -0.30319  -0.22644   9.89624
531818.000   0.02735   0.14486   0.01368  -0.31174  -0.26215   9.89563
531818.010   0.19148  -0.40721  -0.05471  -0.16083  -0.16281   9.74701
531818.020  -0.16848  -0.06652   0.00249  -0.10757  -0.12344   9.76166
531818.030  -0.31085   0.55269  -0.08952  -0.25253  -0.23651   9.91196
531818.040  -0.05720   0.47560   0.04103  -0.35446  -0.28885   9.91318
531818.050   0.13429  -0.12372   0.02425  -0.29190  -0.15030   9.69574
531818.060  -0.30898  -0.39167   0.11626  -0.20096  -0.07095   9.66980
531818.070  -0.60864  -0.16102   0.02798  -0.18250  -0.21637   9.90082
531818.080  -0.21635  -0.12310   0.04725  -0.18890  -0.33585   9.99023
531818.090   0.23811  -0.10693  -0.02673  -0.12161  -0.19089   9.81033
531818.100   0.01368   0.12558   0.00062  -0.18982  -0.09811   9.70917
531818.110  -0.23252   0.29779  -0.03917  -0.34012  -0.23041   9.78302
531818.120  -0.01368  -0.13242   0.07087  -0.34454  -0.27969   9.91852
531818.130   0.20081  -0.55580   0.01927  -0.15060  -0.19318   9.80026
531818.140  -0.00933  -0.23314   0.05036  -0.06287  -0.10941   9.74564
531818.150  -0.20827   0.40659  -0.04911  -0.19394  -0.19135   9.82422
531818.160  -0.11253   0.23562   0.06528  -0.33508  -0.25757   9.90997
531818.170   0.09512  -0.42089   0.01989  -0.23163  -0.15991   9.75861
531818.180  -0.17283  -0.42586   0.06341  -0.10040  -0.09537   9.71085
531818.190  -0.42462   0.20827  -0.05036  -0.16571  -0.20584   9.86679
531818.200  -0.14734   0.51725  -0.00622  -0.32791  -0.30075  10.01755
531818.210   0.23252   0.06777   0.00373  -0.27267  -0.20569   9.77982
531818.220   0.09263  -0.25863   0.04165  -0.18494  -0.07614   9.65408
531818.230  -0.34691   0.05720  -0.01243  -0.17365  -0.13046   9.80469
531818.240  -0.24433   0.14983  -0.01243  -0.23605  -0.30182   9.93835
531818.250   0.16102  -0.03295  -0.01741  -0.17807  -0.21057   9.87030
531818.260   0.05347   0.00311  -0.00497  -0.17334  -0.09842   9.76425
531818.270  -0.33696   0.24681  -0.01741  -0.29663  -0.17349   9.76120
531818.280  -0.19957   0.15356   0.04290  -0.36179  -0.28595   9.90845
531818.290   0.10382  -0.39354   0.04165  -0.22827  -0.21317   9.84833
531818.300   0.05222  -0.34380   0.01057  -0.07385  -0.11230   9.74243
531818.310  -0.26920   0.38856  -0.03108  -0.11902  -0.14053   9.76456
531818.320  -0.21511   0.57134  -0.02735  -0.33478  -0.27512   9.94659
531818.330   0.09947  -0.06217   0.01306  -0.31754  -0.24139   9.84970
531818.340   0.08206  -0.51850   0.00808  -0.17670  -0.12894   9.72610
531818.350  -0.29096  -0.03855  -0.00187  -0.12726  -0.14954   9.77509
531818.360  -0.31023   0.49301  -0.03233  -0.28961  -0.30106   9.93530
531818.370   0.11626   0.18029   0.02300  -0.32486  -0.25833   9.87427
531818.380   0.14796  -0.32888   0.02860  -0.23605  -0.12009   9.68964
531818.390  -0.31023  -0.25801   0.05471  -0.18341  -0.08728   9.72672
531818.400  -0.44576  -0.03419   0.02052  -0.22293  -0.23514   9.91455
531818.410   0.02611  -0.13429   0.05906  -0.20355  -0.32379   9.94659
531818.420   0.29406  -0.14237   0.00249  -0.16129  -0.15457   9.77951
531818.430  -0.06030   0.17345   0.02798  -0.21088  -0.10895   9.72839
531818.440  -0.24246   0.26236  -0.01181  -0.32837  -0.24307   9.86801
531818.450  -0.01492  -0.11812   0.07274  -0.28687  -0.27634   9.93317
531818.460   0.22257  -0.34939  -0.00249  -0.08911  -0.16907   9.75479
531818.470  -0.10196   0.22506  -0.01243  -0.08026  -0.10925   9.74075
531818.480  -0.23376   0.66087  -0.06403  -0.26901  -0.22598   9.85886
531818.490   0.04974   0.18527   0.01679  -0.34012  -0.27725   9.89273
531818.500   0.17345  -0.40348  -0.02549  -0.18341  -0.14908   9.75769
531818.510  -0.18402  -0.11315  -0.00124  -0.10086  -0.10254   9.75830
531818.520  -0.26733   0.49798  -0.06466  -0.22217  -0.24994   9.90097
531818.530   0.03419   0.31582   0.00000  -0.36026  -0.28763   9.93622
531818.540   0.25427  -0.32017   0.03482  -0.27954  -0.16312   9.71725
531818.550  -0.10507  -0.49363   0.07212  -0.15305  -0.08759   9.70734
531818.560  -0.38483  -0.09077  -0.00622  -0.15030  -0.20844   9.84024
531818.570  -0.15915   0.03233   0.01119  -0.18738  -0.31113   9.96277
531818.580   0.23998  -0.04165  -0.03544  -0.14633  -0.18356   9.82956
531818.590  -0.06466   0.20205   0.01679  -0.22705  -0.11154   9.71725
531818.600  -0.35064   0.33447   0.00000  -0.34073  -0.20157   9.78104
531818.610  -0.26236  -0.08455   0.11439  -0.34470  -0.27496   9.93500
531818.620   0.00870  -0.61486   0.05595  -0.15610  -0.20126   9.80331
531818.630  -0.07833  -0.30712   0.08455  -0.05600  -0.12344   9.74396
531818.640  -0.27293   0.47498  -0.02673  -0.18951  -0.18509   9.82315
531818.650  -0.14796   0.31396   0.04787  -0.32074  -0.29373   9.92630
531818.660   0.17843  -0.35748   0.03295  -0.24918  -0.20813   9.79416
531818.670   0.03108  -0.40162   0.03606  -0.13275  -0.11780   9.71710
531818.680  -0.22941   0.18402  -0.03171  -0.19440  -0.22186   9.84848
531818.690   0.02860   0.37551  -0.01306  -0.30243  -0.32135   9.96216
531818.700   0.43581   0.04725  -0.02238  -0.25436  -0.22614   9.79675
531818.710   0.37240  -0.08269  -0.01989  -0.15488  -0.10269   9.71878
531818.720   0.09761   0.27106  -0.09512  -0.18158  -0.17624   9.80743
531818.730   0.25987   0.37861  -0.10755  -0.25299  -0.30197   9.93698
531818.740   0.70252   0.12931  -0.11128  -0.20294  -0.22034   9.86740
531818.750   0.64470   0.11315  -0.13367  -0.17532  -0.11810   9.74411
531818.760   0.31520   0.45073  -0.11564  -0.27603  -0.16891   9.73816
531818.770   0.27230   0.31644  -0.07336  -0.36621  -0.27863   9.89731
531818.780   0.51725  -0.24433  -0.03544  -0.22964  -0.19867   9.84558
531818.790   0.47995  -0.23376  -0.03108  -0.12863  -0.11612   9.71909
531818.800   0.11066   0.28101  -0.01181  -0.24902  -0.12833   9.76105
531818.810   0.04538   0.10942   0.03046  -0.37735  -0.24048   9.92996
531818.820   0.28412  -0.64532   0.10755  -0.29083  -0.23621   9.84818
531818.830   0.28971  -0.96923   0.07647  -0.10147  -0.14786   9.74319
531818.840  -0.07771  -0.33323   0.06777  -0.10269  -0.13550   9.78195
531818.850  -0.14175   0.20703   0.02735  -0.24490  -0.26016   9.92249
531818.860   0.18402  -0.14983   0.10693  -0.35049  -0.24994   9.84497
531818.870   0.17283  -0.60864   0.10569  -0.25665  -0.09949   9.68781
531818.880  -0.31458  -0.61735   0.13864  -0.19745  -0.09872   9.73495
531818.890  -0.36867  -0.41529   0.10196  -0.18799  -0.29327   9.95209
531818.900   0.14610  -0.39291   0.10755  -0.14755  -0.30472   9.95712
531818.910   0.37924  -0.36494   0.01554  -0.12039  -0.14053   9.76166
531818.920  -0.02487  -0.02673   0.05409  -0.26794  -0.11169   9.70032
531818.930  -0.23562  -0.25427   0.08393  -0.38895  -0.22751   9.84604
531818.940  -0.01865  -0.90768   0.18651  -0.29312  -0.25604   9.90372
531818.950   0.12496  -1.11035   0.10942  -0.09003  -0.16205   9.76501
531818.960  -0.12745  -0.43519   0.11377  -0.07172  -0.13397   9.77478
531818.970  -0.16599   0.15232   0.04538  -0.25024  -0.24384   9.88068
531818.980   0.05533  -0.36991   0.08952  -0.29556  -0.24597   9.88739
531818.990   0.17159  -0.76158   0.04228  -0.16876  -0.14069   9.76547
531819.000  -0.18402  -0.42276   0.04849  -0.11063  -0.12909   9.73694
531819.010  -0.24060   0.05036  -0.01741  -0.22766  -0.26855   9.92523
531819.020   0.12185  -0.03917   0.04414  -0.30319  -0.31204   9.94080
531819.030   0.32080  -0.39229   0.02860  -0.23422  -0.14893   9.70840
531819.040  -0.14548  -0.41032   0.08828  -0.17975  -0.07568   9.70215
531819.050  -0.41903  -0.15915   0.02362  -0.21606  -0.23163   9.87457
531819.060  -0.05160  -0.28971   0.06590  -0.24994  -0.30518   9.97482
531819.070   0.29158  -0.38234   0.00808  -0.15579  -0.17365   9.78806
531819.080  -0.02238  -0.09388   0.04476  -0.13809  -0.08728   9.70261
531819.090  -0.36929   0.08269  -0.00622  -0.27695  -0.19958   9.81384
531819.100  -0.12185  -0.29655   0.06403  -0.30899  -0.30045   9.92874
531819.110   0.24184  -0.50917   0.01119  -0.14954  -0.19531   9.77875
531819.120  -0.04849  -0.07336   0.02114  -0.06119  -0.08118   9.75128
531819.130  -0.20330   0.45695  -0.03730  -0.19241  -0.20676   9.87305
531819.140   0.08393   0.15729   0.02549  -0.31906  -0.29984   9.91989
531819.150   0.35375  -0.37924  -0.00249  -0.20096  -0.15198   9.78470
531819.160   0.01430  -0.26733   0.02611  -0.09415  -0.07294   9.71405
531819.170  -0.28039   0.23376  -0.02176  -0.19379  -0.20645   9.85107
531819.180   0.06590   0.18713  -0.03855  -0.29861  -0.28519   9.95087
531819.190   0.19584  -0.22816  -0.11191  -0.22644  -0.12268   9.70032
531819.200  -0.30525  -0.08890   0.21759  -0.19592  -0.07004   9.76120
531819.210  -0.31644  -0.14734  -0.05782  -0.22858  -0.33859   9.92584
531819.220   0.39229  -0.09947   0.16537  -0.19089  -0.34073   9.95834
531819.230   0.46565  -0.02611  -0.02798  -0.11017  -0.07538   9.77737
531819.240  -0.14361   0.07523   0.09325  -0.13855  -0.06897   9.72321
531819.250  -0.25054   0.34629   0.01057  -0.31418  -0.26657   9.81491
531819.260   0.16413   0.00746   0.11812  -0.36713  -0.30701   9.92661
531819.270   0.26547  -0.54772   0.10631  -0.16678  -0.17105   9.85962
531819.280   0.16226  -0.18278   0.12931  -0.04852  -0.09537   9.73022
531819.290  -0.17843   0.34629  -0.00124  -0.14908  -0.17014   9.78622
531819.300  -0.00684   0.29842   0.05720  -0.33218  -0.31036   9.98825
531819.310   0.32204  -0.23252   0.08331  -0.26093  -0.21530   9.79187
531819.320   0.12061  -0.52285   0.01741  -0.07141  -0.07446   9.68826
531819.330  -0.39478   0.02362  -0.00497  -0.08972  -0.13840   9.82208
531819.340  -0.15169   0.50855  -0.06963  -0.27969  -0.36804   9.99344
531819.350   0.51539   0.17718   0.04041  -0.32761  -0.28854   9.82025
531819.360   0.40410  -0.23500   0.03108  -0.20920  -0.03204   9.62875
531819.370  -0.49612  -0.18775   0.04228  -0.14755  -0.03418   9.68796
531819.380  -0.51539  -0.04787   0.00000  -0.19012  -0.32745   9.96979
531819.390   0.35188  -0.00249   0.01306  -0.16449  -0.37201   9.99802
531819.400   0.56699   0.10693  -0.04725  -0.11734  -0.09903   9.73236
531819.410  -0.16910   0.33758  -0.03357  -0.21332  -0.04227   9.65942
531819.420  -0.40535   0.17781  -0.01057  -0.40497  -0.24246   9.89838
531819.430   0.08082  -0.39727   0.09574  -0.32913  -0.34607   9.94675
531819.440   0.43022  -0.56823   0.02798  -0.07690  -0.15076   9.73923
531819.450  -0.11501   0.00311   0.04041  -0.03799  -0.02960   9.73572
531819.460  -0.41716   0.46938  -0.05906  -0.24200  -0.22385   9.89975
531819.470   0.11128   0.01865   0.03419  -0.34760  -0.34164   9.94370
531819.480   0.49487  -0.42649  -0.01679  -0.17960  -0.15198   9.72153
531819.490  -0.17594  -0.23500   0.01989  -0.06180  -0.01312   9.69070
531819.500  -0.49798   0.28785  -0.07398  -0.20905  -0.21393   9.95117
531819.510   0.11626   0.35810   0.02425  -0.35934  -0.39536   9.99161
531819.520   0.64035  -0.11377   0.01368  -0.26398  -0.18707   9.67728
531819.530  -0.03233  -0.36494   0.08206  -0.13855   0.03860   9.64294
531819.540  -0.66024  -0.07709  -0.03108  -0.14709  -0.16174   9.85596
531819.550  -0.12372  -0.04974   0.03979  -0.21255  -0.42404  10.02686
531819.560   0.63786  -0.03295  -0.04476  -0.15030  -0.26016   9.83414
531819.570   0.18713   0.16662  -0.00124  -0.14938  -0.02914   9.66843
531819.580  -0.44451   0.19708  -0.01554  -0.29510  -0.14175   9.76425
531819.590  -0.24992  -0.13367   0.11564  -0.34592  -0.35873   9.95331
531819.600   0.41592  -0.55704   0.02362  -0.16602  -0.25864   9.80896
531819.610   0.20951  -0.18278   0.06155  -0.01160  -0.04761   9.71588
531819.620  -0.36245   0.41281  -0.09388  -0.15045  -0.11078   9.79050
531819.630  -0.22630   0.32826   0.07460  -0.34851  -0.33203   9.96002
531819.640   0.40535  -0.31955  -0.00124  -0.28839  -0.29037   9.82895
531819.650   0.22132  -0.42400   0.06093  -0.05615  -0.06729   9.69238
531819.660  -0.40970   0.09761  -0.07585  -0.06577  -0.10818   9.81537
531819.670  -0.22257   0.51477   0.00187  -0.27939  -0.35858  10.03036
531819.680   0.55083   0.19148  -0.02238  -0.32883  -0.31418   9.80423
531819.690   0.40100  -0.32826   0.07523  -0.20966  -0.03601   9.62158
531819.700  -0.48368  -0.24930   0.03419  -0.13306  -0.01312   9.75952
531819.710  -0.51415   0.03917   0.02860  -0.19424  -0.31769  10.01755
531819.720   0.39291  -0.01181  -0.00124  -0.17715  -0.36667   9.95789
531819.730   0.59310   0.06590  -0.01803  -0.13168  -0.08942   9.72702
531819.740  -0.18278   0.30463  -0.03482  -0.22171  -0.01007   9.67331
531819.750  -0.46627   0.20765   0.02114  -0.37109  -0.25742   9.90097
531819.760   0.13118  -0.39851   0.06403  -0.31723  -0.36530   9.92157
531819.770   0.46752  -0.45571   0.05222  -0.08835  -0.13351   9.76044
531819.780  -0.12994   0.16848  -0.03046  -0.04196  -0.01434   9.72321
531819.790  -0.39229   0.56512  -0.04414  -0.28168  -0.22598   9.90250
531819.800   0.14548   0.06030   0.03668  -0.39307  -0.33920   9.92767
531819.810   0.38981  -0.55393   0.01927  -0.21408  -0.13550   9.70169
531819.820  -0.22008  -0.35623   0.02300  -0.02716  -0.03204   9.69650
531819.830  -0.52534   0.38608  -0.07771  -0.18875  -0.22873   9.98672
531819.840   0.21822   0.51725  -0.00373  -0.35614  -0.39917  10.00641
531819.850   0.68884  -0.00995  -0.01554  -0.31158  -0.18250   9.64066
531819.860  -0.10382  -0.41219   0.07896  -0.17578   0.06989   9.62738
531819.870  -0.75723  -0.14113  -0.00373  -0.17807  -0.14496   9.87030
531819.880  -0.17159  -0.06093   0.02735  -0.21103  -0.43518  10.03113
531819.890   0.67143  -0.12061  -0.05409  -0.13672  -0.26688   9.84741
531819.900   0.22381   0.14548  -0.00435  -0.12070   0.00900   9.67117
531819.910  -0.52409   0.26422  -0.04414  -0.28091  -0.10986   9.76364
531819.920  -0.29033  -0.01243   0.09077  -0.38635  -0.38162   9.99207
531819.930   0.46752  -0.51166   0.00870  -0.22125  -0.29709   9.81796
531819.940   0.26484  -0.31334   0.05222  -0.00809  -0.03738   9.67010
531819.950  -0.43208   0.39540  -0.05720  -0.09888  -0.08179   9.78683
531819.960  -0.34131   0.42649   0.02487  -0.32318  -0.36194  10.03754
531819.970   0.45633  -0.18713  -0.03171  -0.26352  -0.33600   9.81827
531819.980   0.39043  -0.42835   0.00124  -0.10178  -0.05280   9.71603
531819.990  -0.41654   0.12558  -0.06652  -0.08209  -0.04852   9.77829
531820.000  -0.40970   0.63040  -0.01306  -0.30121  -0.33844  10.00580
531820.010   0.43768   0.17843   0.00311  -0.36270  -0.37506   9.88892
531820.020   0.52347  -0.44265   0.01989  -0.23636  -0.06927   9.64157
531820.030  -0.32639  -0.34193   0.10072  -0.06439   0.02380   9.67041
531820.040  -0.67517   0.04663   0.01119  -0.10468  -0.26657  10.03448
531820.050   0.22941   0.19894  -0.05222  -0.13794  -0.43640   9.98138
531820.060   0.78148   0.32888  -0.10693  -0.17639  -0.19180   9.70856
531820.070  -0.00995   0.33820  -0.00622  -0.25009   0.03510   9.66049
531820.080  -0.63538   0.17345   0.03668  -0.39444  -0.19012   9.86572
531820.090  -0.11564  -0.47622   0.11626  -0.29358  -0.41046   9.92920
531820.100   0.55766  -0.56885   0.03419  -0.05814  -0.20844   9.79263
531820.110   0.08020   0.24122   0.00933   0.01221  -0.01556   9.67712
531820.120  -0.43954   0.75101  -0.08331  -0.22125  -0.15961   9.85138
531820.130  -0.09947   0.22754   0.02860  -0.41122  -0.35355   9.92096
531820.140   0.40162  -0.47187  -0.01679  -0.27512  -0.23605   9.74518
531820.150  -0.01803  -0.44389   0.06466  -0.07950  -0.04013   9.69864
531820.160  -0.48182   0.33137  -0.04787  -0.13474  -0.18082   9.94400
531820.170  -0.03730   0.56077   0.01741  -0.31403  -0.38940   9.99786
531820.180   0.64284   0.04103  -0.03792  -0.32349  -0.22949   9.70932
531820.190   0.19024  -0.26671   0.07647  -0.20889   0.01602   9.62784
531820.200  -0.56202  -0.17594  -0.00311  -0.17822  -0.08957   9.82285
531820.210  -0.29779  -0.06217   0.04601  -0.16083  -0.38574  10.03555
531820.220   0.64035   0.18340  -0.07833  -0.15564  -0.31631   9.92477
531820.230   0.53963   0.35250  -0.02735  -0.22125  -0.03662   9.71481
531820.240  -0.22319   0.31458  -0.03233  -0.35858  -0.06500   9.69406
531820.250  -0.32639  -0.25117   0.12310  -0.41107  -0.28641   9.95544
531820.260   0.29966  -0.62108   0.06093  -0.22964  -0.30121   9.86160
531820.270   0.33261  -0.26795   0.06714  -0.01465  -0.07477   9.72046
531820.280  -0.20392   0.39167  -0.04911  -0.09644  -0.07156   9.79553
531820.290  -0.23562   0.61237   0.03606  -0.33478  -0.29953   9.97452
531820.300   0.38421  -0.18527  -0.04228  -0.35339  -0.29556   9.81537
531820.310   0.28412  -0.57756   0.04414  -0.15427  -0.06134   9.68079
531820.320  -0.35437  -0.12123  -0.03979  -0.09750  -0.04410   9.74915
531820.330  -0.39478   0.24806  -0.01741  -0.23224  -0.32043   9.98810
531820.340   0.36307   0.10072   0.00995  -0.29053  -0.32715   9.85458
531820.350   0.40037  -0.33261   0.03171  -0.17319  -0.04562   9.65363
531820.360  -0.41094  -0.24060   0.00933  -0.08209  -0.02045   9.69925
531820.370  -0.53466   0.00062  -0.01430  -0.17075  -0.31204  10.00153
531820.380   0.28412  -0.06777   0.02300  -0.18570  -0.38162   9.97269
531820.390   0.52658  -0.04041  -0.07212  -0.10254  -0.12177   9.68643
531820.400  -0.24868   0.13491   0.00933  -0.17029  -0.02457   9.68964
531820.410  -0.52534   0.29904   0.01554  -0.29739  -0.25635   9.92157
531820.420   0.06528  -0.29717   0.02860  -0.25482  -0.41397   9.96109
531820.430   0.61548  -0.22506   0.00000  -0.05508  -0.15350   9.72534
531820.440  -0.08890   0.28163  -0.02860  -0.04333   0.00336   9.67499
531820.450  -0.45633   0.59621  -0.01741  -0.26367  -0.21652   9.87000
531820.460   0.02798   0.07087   0.04228  -0.33951  -0.38651   9.94614
531820.470   0.37115  -0.52036  -0.00187  -0.18463  -0.17471   9.75357
531820.480  -0.13180  -0.10942   0.04290  -0.04059  -0.04074   9.71237
531820.490  -0.42400   0.54088  -0.04849  -0.18906  -0.26474   9.92813
531820.500   0.13553   0.42213  -0.01368  -0.37827  -0.38284   9.95987
531820.510   0.61797  -0.10693  -0.00187  -0.31998  -0.18219   9.69498
531820.520   0.03544  -0.38421   0.08082  -0.20645   0.01450   9.62677
531820.530  -0.60367  -0.28163   0.00870  -0.19775  -0.16937   9.88968
531820.540  -0.10507  -0.16848   0.04103  -0.22018  -0.40436  10.06592
531820.550   0.68387   0.00870  -0.06403  -0.13138  -0.25208   9.82834
531820.560   0.23438   0.19584  -0.00373  -0.19394  -0.02991   9.64462
531820.570  -0.25614   0.27417   0.03544  -0.35080  -0.11719   9.77890
531820.580  -0.23749  -0.19397   0.01368  -0.38956  -0.31113   9.96246
531820.590   0.34753  -0.64346   0.13926  -0.20996  -0.26810   9.80637
531820.600   0.23500  -0.21946  -0.05906  -0.01038  -0.05585   9.68933
531820.610  -0.31147   0.36680   0.07087  -0.14999  -0.12009   9.86221
531820.620  -0.03482   0.36618  -0.08082  -0.36377  -0.31876   9.92737
531820.630   0.35499  -0.59807   0.09263  -0.31647  -0.23178   9.79233
531820.640   0.16040  -0.76034   0.03855  -0.12955  -0.07187   9.68430
531820.650  -0.37426  -0.37053   0.09636  -0.14191  -0.12619   9.79736
531820.660  -0.17408  -0.19584   0.08766  -0.26489  -0.34348   9.98901
531820.670   0.52223  -0.72552   0.17781  -0.30212  -0.33051   9.76471
531820.680   0.55766  -1.31552   0.31271  -0.21042  -0.13016   9.61929
531820.690  -0.02238  -1.19615   0.25054  -0.14404   0.01099   9.82880
531820.700  -0.52223  -0.76345   0.11191  -0.12024  -0.12177  10.05371
531820.710  -0.38732  -0.33883   0.05160  -0.01740  -0.23514   9.89212
531820.720  -0.13926   0.10755  -0.03171  -0.02380  -0.21378   9.73785
531820.730  -0.33447   0.38794  -0.00373  -0.22964  -0.18234   9.77936
531820.740  -0.33074  -0.05533   0.06279  -0.40039  -0.25696   9.90509
531820.750  -0.13304  -0.97109   0.11750  -0.27344  -0.24185   9.78867
531820.760  -0.03606  -1.19118   0.11750  -0.03937  -0.15869   9.69803
531820.770  -0.27106  -0.59870   0.11626  -0.05554  -0.17242   9.78775
531820.780  -0.11750  -0.30712   0.10569  -0.21469  -0.26077   9.96170
531820.790   0.22816  -0.69755   0.09636  -0.20340  -0.27527   9.87595
531820.800   0.32142  -0.99969   0.12310  -0.11032  -0.14008   9.69940
531820.810  -0.05533  -0.79018   0.12185  -0.13504  -0.13840   9.77402
531820.820  -0.01741  -0.37364   0.05844  -0.28275  -0.25375   9.96750
531820.830   0.36556  -0.61610   0.17159  -0.28427  -0.29373   9.87686
531820.840   0.42276  -0.92695   0.10445  -0.14221  -0.12604   9.67834
531820.850  -0.13740  -0.69692   0.16164  -0.09979  -0.08850   9.71008
531820.860  -0.28225  -0.51477   0.05409  -0.17578  -0.26459   9.96124
531820.870   0.14113  -0.38732   0.09512  -0.19073  -0.29892   9.98856
531820.880   0.40348  -0.26609   0.00684  -0.11414  -0.14099   9.74091
531820.890  -0.08020   0.04974   0.05968  -0.14755  -0.09445   9.66980
531820.900  -0.27355   0.06714   0.03792  -0.34698  -0.23743   9.88113
531820.910   0.02238  -0.51166   0.15294  -0.34256  -0.30075   9.90585
531820.920   0.25801  -0.93379   0.11874  -0.16022  -0.14999   9.72549
531820.930  -0.06901  -0.61113   0.14859  -0.05966  -0.06271   9.75464
531820.940  -0.27914   0.09761  -0.02611  -0.13901  -0.22079   9.90356
531820.950   0.07585  -0.37115   0.13926  -0.30304  -0.29327   9.90845
531820.960   0.25987  -0.61175  -0.02425  -0.17944  -0.07965   9.79828
531820.970  -0.39540  -0.60491   0.11937  -0.10635  -0.06699   9.63470
531820.980  -0.61175  -0.53031  -0.01368  -0.21454  -0.22964   9.90799
531820.990  -0.14921  -0.20205   0.08579  -0.30396  -0.30853  10.06699
531821.000   0.24371  -0.43084   0.04165  -0.19287  -0.16937   9.71024
531821.010  -0.23003  -0.78956   0.11564  -0.09048  -0.03586   9.58405
531821.020  -0.68325  -0.66646   0.05782  -0.16281  -0.19180   9.86725
531821.030  -0.30215  -0.62978   0.08206  -0.22278  -0.33112  10.06439
531821.040   0.16413  -0.57258  -0.01741  -0.09521  -0.17120   9.84238
531821.050  -0.19273  -0.22568  -0.01243  -0.00687  -0.05112   9.71024
531821.060  -0.62854   0.32017  -0.08704  -0.12375  -0.17334   9.83566
531821.070  -0.35810   0.35313  -0.07398  -0.25665  -0.31433  10.01862
531821.080   0.17843   0.08890  -0.10072  -0.15808  -0.26230   9.80179
531821.090   0.06155   0.09388  -0.04103  -0.04623  -0.12207   9.66766
531821.100  -0.25925   0.51601  -0.03482  -0.14725  -0.19104   9.81796
531821.110   0.01865   0.40535   0.02362  -0.28473  -0.35370   9.95132
531821.120   0.44078  -0.25179  -0.00311  -0.16205  -0.26001   9.80392
531821.130   0.26857  -0.27293   0.02487   0.00839  -0.09598   9.73907
531821.140  -0.11688   0.45384  -0.07212  -0.05478  -0.20111   9.81339
531821.150   0.07896   0.77215  -0.04290  -0.27756  -0.35599  10.01663
531821.160   0.39602   0.42586  -0.04414  -0.28000  -0.24094   9.80301
531821.170   0.16786  -0.00062   0.01119  -0.13794  -0.08057   9.60052
531821.180  -0.41281  -0.00249  -0.01679  -0.08850  -0.16190   9.75555
531821.190  -0.14299   0.29717  -0.04974  -0.18005  -0.34988  10.05112
531821.200   0.45757   0.39043  -0.09823  -0.14038  -0.27039   9.90463
531821.210   0.44576   0.56326  -0.10942  -0.07568  -0.10223   9.71191
531821.220  -0.04974   1.03824  -0.11439  -0.14313  -0.15457   9.76822
531821.230   0.08766   1.17377  -0.12558  -0.30670  -0.30991   9.94202
531821.240   0.44887   0.78645  -0.10196  -0.23956  -0.28275   9.86557
531821.250   0.42586   0.50979  -0.07274  -0.08377  -0.09232   9.68979
531821.260  -0.01554   0.95804  -0.07896  -0.08759  -0.10803   9.73404
531821.270   0.07336   1.28816  -0.08890  -0.29037  -0.27756   9.94995
531821.280   0.46876   0.70376  -0.06030  -0.29663  -0.25879   9.90631
531821.290   0.47684   0.14050  -0.08828  -0.13275  -0.09598   9.67697
531821.300  -0.07025   0.21511  -0.03730  -0.10620  -0.09903   9.69330
531821.310  -0.11999   0.51912  -0.08642  -0.28214  -0.24139  10.00839
531821.320   0.35996   0.36618  -0.03668  -0.36530  -0.28290   9.96140
531821.330   0.41156  -0.08331  -0.07958  -0.21118  -0.06775   9.65012
531821.340  -0.25676  -0.11501  -0.02300  -0.06699   0.03036   9.65942
531821.350  -0.66087   0.30961  -0.12994  -0.15335  -0.18753   9.95926
531821.360  -0.06528   0.36245  -0.13180  -0.22919  -0.34286   9.97223
531821.370   0.39602   0.04352  -0.17532  -0.19745  -0.14084   9.75754
531821.380  -0.15232   0.12869   0.11501  -0.22156  -0.08667   9.66980
531821.390  -0.15480   0.07523  -0.03979  -0.32578  -0.17944   9.82498
531821.400  -0.04476  -0.41343   0.08704  -0.33936  -0.28351   9.94492
531821.410   0.33199  -0.79888   0.05222  -0.12177  -0.18219   9.77448
531821.420   0.16351  -0.27790   0.11315  -0.01938  -0.11017   9.70825
531821.430  -0.03233   0.24557   0.03730  -0.16998  -0.22934   9.83398
531821.440   0.22879  -0.01803   0.14423  -0.33005  -0.33463   9.95010
531821.450   0.57072  -0.62854   0.10009  -0.21088  -0.25513   9.73679
531821.460   0.23314  -0.70998   0.17035  -0.05768  -0.11078   9.68460
531821.470  -0.21946  -0.04290   0.05533  -0.09430  -0.19012   9.87152
531821.480  -0.05533   0.45571   0.06714  -0.22552  -0.37628  10.01923
531821.490   0.45695   0.45819  -0.03855  -0.16327  -0.28427   9.80942
531821.500   0.07150   0.78831  -0.06341  -0.01053  -0.09384   9.68079
531821.510  -0.54399   1.27262  -0.20143  -0.02304  -0.21011   9.68109
531821.520  -0.30961   1.38328  -0.20454  -0.25894  -0.39795   9.94049
531821.530   0.21386   0.78396  -0.11004  -0.34348  -0.34363   9.93622
531821.540   0.33820   0.22941  -0.04601  -0.24933  -0.16464   9.77707
531821.550  -0.07025   0.38234  -0.00062  -0.17395  -0.10468   9.66568
531821.560  -0.21573   0.22941  -0.02798  -0.15549  -0.13611   9.90845
531821.570  -0.31023   0.44949  -0.15045  -0.10895  -0.13062  10.02914
531821.580   0.16724   0.61921  -0.02425  -0.10254  -0.22964   9.71848
531821.590   0.17532   0.89587  -0.24557  -0.23895  -0.12939   9.80133
531821.600   0.08890   0.72987   0.01368  -0.41260  -0.10071  10.00000
531821.610  -0.03046  -0.26733  -0.05284  -0.28763  -0.15167   9.82224
531821.620   0.24868  -0.40100  -0.03792  -0.07004  -0.10498   9.66034
531821.630  -0.07087   0.05036  -0.07833  -0.03799  -0.04364   9.80194
531821.640  -0.17843   0.70874  -0.11315  -0.26413  -0.19455  10.01938
531821.650   0.23687   0.29344  -0.05347  -0.38483  -0.27939   9.79446
531821.660   0.43022  -0.47373   0.03979  -0.28168  -0.07065   9.65958
531821.670  -0.36494  -0.48368   0.08455  -0.14694   0.00961   9.68155
531821.680  -0.62978  -0.23003  -0.04228  -0.13687  -0.24139   9.83917
531821.690  -0.02114  -0.10320   0.04849  -0.13535  -0.35919   9.97910
531821.700   0.38545   0.04165  -0.04352  -0.12711  -0.17639   9.80072
531821.710  -0.08890   0.28474   0.06466  -0.17639  -0.06165   9.60403
531821.720  -0.49922   0.10631   0.01368  -0.33951  -0.18906   9.81094
531821.730  -0.29344  -0.35561   0.13864  -0.29205  -0.33676   9.92722
531821.740   0.12185  -0.59745   0.07833  -0.06821  -0.26962   9.77875
531821.750   0.02176   0.07585   0.08952   0.01358  -0.13611   9.79950
531821.760  -0.20889   0.87100  -0.01865  -0.20432  -0.23987   9.86267
531821.770   0.01181   0.34069   0.06652  -0.39795  -0.36758   9.91287
531821.780   0.28101  -0.40286   0.03295  -0.24765  -0.24445   9.76730
531821.790  -0.05844  -0.33758   0.08144  -0.05829  -0.10742   9.73160
531821.800  -0.40100   0.27728  -0.04290  -0.11856  -0.24734   9.95529
531821.810   0.02238   0.63475  -0.02735  -0.29343  -0.41260  10.04333
531821.820   0.56450   0.21324  -0.04165  -0.31433  -0.27039   9.73007
531821.830   0.07958  -0.27790   0.03233  -0.21515  -0.04517   9.64310
531821.840  -0.53590  -0.04165  -0.03171  -0.20065  -0.17853   9.84879
531821.850  -0.20827   0.01803  -0.00311  -0.26611  -0.41824  10.02396
531821.860   0.52409  -0.15791  -0.06777  -0.17761  -0.30243   9.83810
531821.870   0.32577  -0.08828   0.01057  -0.12360  -0.06134   9.74594
531821.880  -0.29469   0.19770  -0.06901  -0.22385  -0.13107   9.74991
531821.890  -0.18527   0.07709   0.02052  -0.37598  -0.36316   9.88403
531821.900   0.36307  -0.66397   0.01927  -0.25696  -0.27481   9.83383
531821.910   0.24992  -0.56637   0.06030  -0.02930  -0.06058   9.72427
531821.920  -0.28660   0.21200  -0.00435  -0.07736  -0.10345   9.72992
531821.930  -0.24868   0.39913   0.02549  -0.29877  -0.35080   9.99329
531821.940   0.31893  -0.07150   0.02735  -0.31906  -0.33142   9.84070
531821.950   0.31458  -0.54710   0.08082  -0.10803  -0.11597   9.64951
531821.960  -0.35002  -0.16599   0.06093  -0.06287  -0.09201   9.78256
531821.970  -0.43519   0.46503   0.09015  -0.24734  -0.34851   9.98138
531821.980   0.19024   0.13988   0.11315  -0.34653  -0.41000   9.89044
531821.990   0.38981  -0.18527   0.16786  -0.20996  -0.16144   9.67606
531822.000  -0.46006  -0.09823   0.20640  -0.12634  -0.08179   9.74136
531822.010  -0.66087   0.21697   0.19957  -0.20401  -0.36911   9.97940
531822.020   0.08020   0.16226   0.23127  -0.27969  -0.49179   9.94781
531822.030   0.39540  -0.04290   0.22630  -0.19791  -0.24887   9.77280
531822.040  -0.22008   0.15853   0.26547  -0.19699  -0.13657   9.67972
531822.050  -0.57569   0.14796   0.26236  -0.33081  -0.35233   9.87976
531822.060  -0.16910  -0.18837   0.32204  -0.35294  -0.48920   9.99527
531822.070   0.25365  -0.29158   0.26857  -0.21027  -0.38666   9.75067
531822.080  -0.11564   0.00560   0.27355  -0.12527  -0.23148   9.70093
531822.090  -0.49860   0.40224   0.21449  -0.25177  -0.35950   9.89304
531822.100  -0.17221   0.10072   0.23314  -0.36240  -0.52811   9.93423
531822.110   0.20703  -0.27044   0.19335  -0.23544  -0.44327   9.76501
531822.120  -0.11750  -0.15045   0.20827  -0.12085  -0.31174   9.71893
531822.130  -0.42835   0.36059   0.10258  -0.20096  -0.41931   9.84283
531822.140  -0.18775   0.29344   0.19148  -0.36469  -0.56961   9.92325
531822.150   0.22381   0.01803   0.15729  -0.33783  -0.48599   9.73068
531822.160  -0.10320  -0.25303   0.21200  -0.20782  -0.33707   9.61945
531822.170  -0.59994  -0.16786   0.19086  -0.19119  -0.42068   9.80347
531822.180  -0.39291  -0.11750   0.22568  -0.21164  -0.62073   9.99741
531822.190   0.17283  -0.05222   0.19521  -0.17441  -0.55817   9.80621
531822.200   0.03606   0.14299   0.21511  -0.18082  -0.42267   9.67285
531822.210  -0.32391   0.19832   0.23625  -0.28290  -0.46494   9.73465
531822.220  -0.31893  -0.07398   0.36059  -0.34378  -0.58762   9.90677
531822.230   0.02238  -0.34877   0.35872  -0.23605  -0.57861   9.78668
531822.240  -0.03419  -0.08393   0.39167  -0.12268  -0.47394   9.72855
531822.250  -0.23189   0.43022   0.40846  -0.21561  -0.50491   9.77676
531822.260  -0.27790   0.20330   0.54647  -0.32852  -0.60730   9.91882
